2026-04-29T01:30:16+00:00 WARNING Product feed scheduling failed: Integration not configured. : {"flow_name":"product_feed","flow_step":"schedule_feed_generation"}
2026-04-29T01:30:16+00:00 WARNING Language override feed scheduling failed: Integration not configured. : {"flow_name":"language_override_feed","flow_step":"schedule_feed_generation"}
2026-04-29T01:30:16+00:00 ERROR Error persisting error logs: Cannot create the API instance because the access token is missing. : []
2026-04-29T01:30:16+00:00 ERROR Error persisting Meta logs: Cannot create the API instance because the access token is missing. : []
2026-04-29T01:36:13+00:00 ERROR Error persisting Meta logs: Cannot create the API instance because the access token is missing. : []
2026-04-29T01:42:46+00:00 ERROR Error persisting Meta logs: Cannot create the API instance because the access token is missing. : []
2026-04-29T01:47:46+00:00 ERROR Error persisting Meta logs: Cannot create the API instance because the access token is missing. : []
2026-04-29T01:51:49+00:00 ERROR Error persisting Meta logs: Cannot create the API instance because the access token is missing. : []
2026-04-29T03:00:30+00:00 WARNING Product feed scheduling failed: Integration not configured. : {"flow_name":"product_feed","flow_step":"schedule_feed_generation"}
2026-04-29T03:00:30+00:00 WARNING Language override feed scheduling failed: Integration not configured. : {"flow_name":"language_override_feed","flow_step":"schedule_feed_generation"}
2026-04-29T03:06:58+00:00 ERROR Error persisting Meta logs: Cannot create the API instance because the access token is missing. : []
2026-04-29T03:11:01+00:00 ERROR Error persisting Meta logs: Cannot create the API instance because the access token is missing. : []
2026-04-29T03:27:53+00:00 ERROR Error persisting Meta logs: Cannot create the API instance because the access token is missing. : []
2026-04-29T03:41:59+00:00 ERROR Error persisting Meta logs: Cannot create the API instance because the access token is missing. : []
2026-04-29T03:42:00+00:00 ERROR Error persisting Meta logs: Cannot create the API instance because the access token is missing. : []
2026-04-29T03:44:45+00:00 ERROR Error persisting Meta logs: Cannot create the API instance because the access token is missing. : []
2026-04-29T03:50:11+00:00 ERROR Error persisting Meta logs: Cannot create the API instance because the access token is missing. : []
2026-04-29T03:54:53+00:00 ERROR Error persisting Meta logs: Cannot create the API instance because the access token is missing. : []
2026-04-29T03:59:35+00:00 ERROR Error persisting Meta logs: Cannot create the API instance because the access token is missing. : []
2026-04-29T04:05:11+00:00 ERROR Error persisting Meta logs: Cannot create the API instance because the access token is missing. : []
2026-04-29T04:10:24+00:00 ERROR Error persisting Meta logs: Cannot create the API instance because the access token is missing. : []
2026-04-29T04:14:47+00:00 ERROR Error persisting Meta logs: Cannot create the API instance because the access token is missing. : []
2026-04-29T04:19:42+00:00 ERROR Error persisting Meta logs: Cannot create the API instance because the access token is missing. : []
2026-04-29T07:21:20+00:00 WARNING Product feed scheduling failed: Integration not configured. : {"flow_name":"product_feed","flow_step":"schedule_feed_generation"}
2026-04-29T07:21:20+00:00 WARNING Language override feed scheduling failed: Integration not configured. : {"flow_name":"language_override_feed","flow_step":"schedule_feed_generation"}
2026-04-29T07:21:20+00:00 ERROR Error persisting error logs: Cannot create the API instance because the access token is missing. : []
2026-04-29T07:21:31+00:00 ERROR Error persisting Meta logs: Cannot create the API instance because the access token is missing. : []
2026-04-29T07:26:22+00:00 ERROR Error persisting Meta logs: Cannot create the API instance because the access token is missing. : []
2026-04-29T07:32:44+00:00 ERROR Error persisting Meta logs: Cannot create the API instance because the access token is missing. : []
2026-04-29T07:43:48+00:00 ERROR Error persisting Meta logs: Cannot create the API instance because the access token is missing. : []
2026-04-29T07:45:10+00:00 ERROR Error persisting Meta logs: Cannot create the API instance because the access token is missing. : []
2026-04-29T07:46:22+00:00 NOTICE There was an error trying to get product set data in a catalog: Cannot create the API instance because the access token is missing.
2026-04-29T07:46:22+00:00 ERROR ProductSetSync exception: exception_code : 0; exception_class : WooCommerce\Facebook\Framework\Api\Exception: exception_message : Cannot create the API instance because the access token is missing.; exception_trace : #0 C:\xampp\htdocs\wordpress\wp-content\plugins\facebook-for-woocommerce\includes\ProductSets\ProductSetSync.php(139): WC_Facebookcommerce->get_api()
#1 C:\xampp\htdocs\wordpress\wp-content\plugins\facebook-for-woocommerce\includes\ProductSets\ProductSetSync.php(87): WooCommerce\Facebook\ProductSets\ProductSetSync->get_fb_product_set_id(Object(WP_Term))
#2 C:\xampp\htdocs\wordpress\wp-includes\class-wp-hook.php(341): WooCommerce\Facebook\ProductSets\ProductSetSync->on_delete_wc_product_category_callback(20, '20', Object(WP_Term), Array)
#3 C:\xampp\htdocs\wordpress\wp-includes\class-wp-hook.php(365): WP_Hook->apply_filters(NULL, Array)
#4 C:\xampp\htdocs\wordpress\wp-includes\plugin.php(522): WP_Hook->do_action(Array)
#5 C:\xampp\htdocs\wordpress\wp-includes\taxonomy.php(2233): do_action('delete_product_...', 20, '20', Object(WP_Term), Array)
#6 C:\xampp\htdocs\wordpress\wp-admin\edit-tags.php(144): wp_delete_term(20, 'product_cat')
#7 {main}
2026-04-29T07:46:22+00:00 NOTICE There was an error trying to get product set data in a catalog: Cannot create the API instance because the access token is missing.
2026-04-29T07:46:22+00:00 ERROR ProductSetSync exception: exception_code : 0; exception_class : WooCommerce\Facebook\Framework\Api\Exception: exception_message : Cannot create the API instance because the access token is missing.; exception_trace : #0 C:\xampp\htdocs\wordpress\wp-content\plugins\facebook-for-woocommerce\includes\ProductSets\ProductSetSync.php(139): WC_Facebookcommerce->get_api()
#1 C:\xampp\htdocs\wordpress\wp-content\plugins\facebook-for-woocommerce\includes\ProductSets\ProductSetSync.php(87): WooCommerce\Facebook\ProductSets\ProductSetSync->get_fb_product_set_id(Object(WP_Term))
#2 C:\xampp\htdocs\wordpress\wp-includes\class-wp-hook.php(341): WooCommerce\Facebook\ProductSets\ProductSetSync->on_delete_wc_product_category_callback(17, '17', Object(WP_Term), Array)
#3 C:\xampp\htdocs\wordpress\wp-includes\class-wp-hook.php(365): WP_Hook->apply_filters(NULL, Array)
#4 C:\xampp\htdocs\wordpress\wp-includes\plugin.php(522): WP_Hook->do_action(Array)
#5 C:\xampp\htdocs\wordpress\wp-includes\taxonomy.php(2233): do_action('delete_product_...', 17, '17', Object(WP_Term), Array)
#6 C:\xampp\htdocs\wordpress\wp-admin\edit-tags.php(144): wp_delete_term(17, 'product_cat')
#7 {main}
2026-04-29T07:46:22+00:00 NOTICE There was an error trying to get product set data in a catalog: Cannot create the API instance because the access token is missing.
2026-04-29T07:46:22+00:00 ERROR ProductSetSync exception: exception_code : 0; exception_class : WooCommerce\Facebook\Framework\Api\Exception: exception_message : Cannot create the API instance because the access token is missing.; exception_trace : #0 C:\xampp\htdocs\wordpress\wp-content\plugins\facebook-for-woocommerce\includes\ProductSets\ProductSetSync.php(139): WC_Facebookcommerce->get_api()
#1 C:\xampp\htdocs\wordpress\wp-content\plugins\facebook-for-woocommerce\includes\ProductSets\ProductSetSync.php(87): WooCommerce\Facebook\ProductSets\ProductSetSync->get_fb_product_set_id(Object(WP_Term))
#2 C:\xampp\htdocs\wordpress\wp-includes\class-wp-hook.php(341): WooCommerce\Facebook\ProductSets\ProductSetSync->on_delete_wc_product_category_callback(18, '18', Object(WP_Term), Array)
#3 C:\xampp\htdocs\wordpress\wp-includes\class-wp-hook.php(365): WP_Hook->apply_filters(NULL, Array)
#4 C:\xampp\htdocs\wordpress\wp-includes\plugin.php(522): WP_Hook->do_action(Array)
#5 C:\xampp\htdocs\wordpress\wp-includes\taxonomy.php(2233): do_action('delete_product_...', 18, '18', Object(WP_Term), Array)
#6 C:\xampp\htdocs\wordpress\wp-admin\edit-tags.php(144): wp_delete_term(18, 'product_cat')
#7 {main}
2026-04-29T07:46:22+00:00 NOTICE There was an error trying to get product set data in a catalog: Cannot create the API instance because the access token is missing.
2026-04-29T07:46:22+00:00 ERROR ProductSetSync exception: exception_code : 0; exception_class : WooCommerce\Facebook\Framework\Api\Exception: exception_message : Cannot create the API instance because the access token is missing.; exception_trace : #0 C:\xampp\htdocs\wordpress\wp-content\plugins\facebook-for-woocommerce\includes\ProductSets\ProductSetSync.php(139): WC_Facebookcommerce->get_api()
#1 C:\xampp\htdocs\wordpress\wp-content\plugins\facebook-for-woocommerce\includes\ProductSets\ProductSetSync.php(87): WooCommerce\Facebook\ProductSets\ProductSetSync->get_fb_product_set_id(Object(WP_Term))
#2 C:\xampp\htdocs\wordpress\wp-includes\class-wp-hook.php(341): WooCommerce\Facebook\ProductSets\ProductSetSync->on_delete_wc_product_category_callback(19, '19', Object(WP_Term), Array)
#3 C:\xampp\htdocs\wordpress\wp-includes\class-wp-hook.php(365): WP_Hook->apply_filters(NULL, Array)
#4 C:\xampp\htdocs\wordpress\wp-includes\plugin.php(522): WP_Hook->do_action(Array)
#5 C:\xampp\htdocs\wordpress\wp-includes\taxonomy.php(2233): do_action('delete_product_...', 19, '19', Object(WP_Term), Array)
#6 C:\xampp\htdocs\wordpress\wp-admin\edit-tags.php(144): wp_delete_term(19, 'product_cat')
#7 {main}
2026-04-29T07:47:23+00:00 NOTICE There was an error trying to get product set data in a catalog: Cannot create the API instance because the access token is missing.
2026-04-29T07:47:23+00:00 ERROR ProductSetSync exception: exception_code : 0; exception_class : WooCommerce\Facebook\Framework\Api\Exception: exception_message : Cannot create the API instance because the access token is missing.; exception_trace : #0 C:\xampp\htdocs\wordpress\wp-content\plugins\facebook-for-woocommerce\includes\ProductSets\ProductSetSync.php(139): WC_Facebookcommerce->get_api()
#1 C:\xampp\htdocs\wordpress\wp-content\plugins\facebook-for-woocommerce\includes\ProductSets\ProductSetSync.php(65): WooCommerce\Facebook\ProductSets\ProductSetSync->get_fb_product_set_id(Object(WP_Term))
#2 C:\xampp\htdocs\wordpress\wp-includes\class-wp-hook.php(341): WooCommerce\Facebook\ProductSets\ProductSetSync->on_create_or_update_product_wc_category_callback(21, 21, Array)
#3 C:\xampp\htdocs\wordpress\wp-includes\class-wp-hook.php(365): WP_Hook->apply_filters('', Array)
#4 C:\xampp\htdocs\wordpress\wp-includes\plugin.php(522): WP_Hook->do_action(Array)
#5 C:\xampp\htdocs\wordpress\wp-includes\taxonomy.php(2697): do_action('create_product_...', 21, 21, Array)
#6 C:\xampp\htdocs\wordpress\wp-admin\includes\ajax-actions.php(1103): wp_insert_term('\xC4\x90\xC3\xB4ng H\xE1\xBB\x93 Rol...', 'product_cat', Array)
#7 C:\xampp\htdocs\wordpress\wp-includes\class-wp-hook.php(341): wp_ajax_add_tag('')
#8 C:\xampp\htdocs\wordpress\wp-includes\class-wp-hook.php(365): WP_Hook->apply_filters('', Array)
#9 C:\xampp\htdocs\wordpress\wp-includes\plugin.php(522): WP_Hook->do_action(Array)
#10 C:\xampp\htdocs\wordpress\wp-admin\admin-ajax.php(192): do_action('wp_ajax_add-tag')
#11 {main}
2026-04-29T07:48:56+00:00 NOTICE There was an error trying to get product set data in a catalog: Cannot create the API instance because the access token is missing.
2026-04-29T07:48:56+00:00 ERROR ProductSetSync exception: exception_code : 0; exception_class : WooCommerce\Facebook\Framework\Api\Exception: exception_message : Cannot create the API instance because the access token is missing.; exception_trace : #0 C:\xampp\htdocs\wordpress\wp-content\plugins\facebook-for-woocommerce\includes\ProductSets\ProductSetSync.php(139): WC_Facebookcommerce->get_api()
#1 C:\xampp\htdocs\wordpress\wp-content\plugins\facebook-for-woocommerce\includes\ProductSets\ProductSetSync.php(65): WooCommerce\Facebook\ProductSets\ProductSetSync->get_fb_product_set_id(Object(WP_Term))
#2 C:\xampp\htdocs\wordpress\wp-includes\class-wp-hook.php(341): WooCommerce\Facebook\ProductSets\ProductSetSync->on_create_or_update_product_wc_category_callback(22, 22, Array)
#3 C:\xampp\htdocs\wordpress\wp-includes\class-wp-hook.php(365): WP_Hook->apply_filters('', Array)
#4 C:\xampp\htdocs\wordpress\wp-includes\plugin.php(522): WP_Hook->do_action(Array)
#5 C:\xampp\htdocs\wordpress\wp-includes\taxonomy.php(2697): do_action('create_product_...', 22, 22, Array)
#6 C:\xampp\htdocs\wordpress\wp-admin\includes\ajax-actions.php(1103): wp_insert_term('\xC4\x90\xC3\xB4ng H\xE1\xBB\x93 Pat...', 'product_cat', Array)
#7 C:\xampp\htdocs\wordpress\wp-includes\class-wp-hook.php(341): wp_ajax_add_tag('')
#8 C:\xampp\htdocs\wordpress\wp-includes\class-wp-hook.php(365): WP_Hook->apply_filters('', Array)
#9 C:\xampp\htdocs\wordpress\wp-includes\plugin.php(522): WP_Hook->do_action(Array)
#10 C:\xampp\htdocs\wordpress\wp-admin\admin-ajax.php(192): do_action('wp_ajax_add-tag')
#11 {main}
2026-04-29T07:49:47+00:00 ERROR Error persisting Meta logs: Cannot create the API instance because the access token is missing. : []
2026-04-29T07:54:43+00:00 NOTICE There was an error trying to get product set data in a catalog: Cannot create the API instance because the access token is missing.
2026-04-29T07:54:43+00:00 ERROR ProductSetSync exception: exception_code : 0; exception_class : WooCommerce\Facebook\Framework\Api\Exception: exception_message : Cannot create the API instance because the access token is missing.; exception_trace : #0 C:\xampp\htdocs\wordpress\wp-content\plugins\facebook-for-woocommerce\includes\ProductSets\ProductSetSync.php(139): WC_Facebookcommerce->get_api()
#1 C:\xampp\htdocs\wordpress\wp-content\plugins\facebook-for-woocommerce\includes\ProductSets\ProductSetSync.php(65): WooCommerce\Facebook\ProductSets\ProductSetSync->get_fb_product_set_id(Object(WP_Term))
#2 C:\xampp\htdocs\wordpress\wp-includes\class-wp-hook.php(341): WooCommerce\Facebook\ProductSets\ProductSetSync->on_create_or_update_product_wc_category_callback(23, 23, Array)
#3 C:\xampp\htdocs\wordpress\wp-includes\class-wp-hook.php(365): WP_Hook->apply_filters('', Array)
#4 C:\xampp\htdocs\wordpress\wp-includes\plugin.php(522): WP_Hook->do_action(Array)
#5 C:\xampp\htdocs\wordpress\wp-includes\taxonomy.php(2697): do_action('create_product_...', 23, 23, Array)
#6 C:\xampp\htdocs\wordpress\wp-admin\includes\ajax-actions.php(1103): wp_insert_term('G\xC3\xADa d\xC6\xB0\xE1\xBB\x9Bi 1 ...', 'product_cat', Array)
#7 C:\xampp\htdocs\wordpress\wp-includes\class-wp-hook.php(341): wp_ajax_add_tag('')
#8 C:\xampp\htdocs\wordpress\wp-includes\class-wp-hook.php(365): WP_Hook->apply_filters('', Array)
#9 C:\xampp\htdocs\wordpress\wp-includes\plugin.php(522): WP_Hook->do_action(Array)
#10 C:\xampp\htdocs\wordpress\wp-admin\admin-ajax.php(192): do_action('wp_ajax_add-tag')
#11 {main}
2026-04-29T07:54:49+00:00 ERROR Error persisting Meta logs: Cannot create the API instance because the access token is missing. : []
2026-04-29T07:55:18+00:00 NOTICE There was an error trying to get product set data in a catalog: Cannot create the API instance because the access token is missing.
2026-04-29T07:55:18+00:00 ERROR ProductSetSync exception: exception_code : 0; exception_class : WooCommerce\Facebook\Framework\Api\Exception: exception_message : Cannot create the API instance because the access token is missing.; exception_trace : #0 C:\xampp\htdocs\wordpress\wp-content\plugins\facebook-for-woocommerce\includes\ProductSets\ProductSetSync.php(139): WC_Facebookcommerce->get_api()
#1 C:\xampp\htdocs\wordpress\wp-content\plugins\facebook-for-woocommerce\includes\ProductSets\ProductSetSync.php(65): WooCommerce\Facebook\ProductSets\ProductSetSync->get_fb_product_set_id(Object(WP_Term))
#2 C:\xampp\htdocs\wordpress\wp-includes\class-wp-hook.php(341): WooCommerce\Facebook\ProductSets\ProductSetSync->on_create_or_update_product_wc_category_callback(24, 24, Array)
#3 C:\xampp\htdocs\wordpress\wp-includes\class-wp-hook.php(365): WP_Hook->apply_filters('', Array)
#4 C:\xampp\htdocs\wordpress\wp-includes\plugin.php(522): WP_Hook->do_action(Array)
#5 C:\xampp\htdocs\wordpress\wp-includes\taxonomy.php(2697): do_action('create_product_...', 24, 24, Array)
#6 C:\xampp\htdocs\wordpress\wp-admin\includes\ajax-actions.php(1103): wp_insert_term('G\xC3\xADa t\xE1\xBB\xAB 1-3 t...', 'product_cat', Array)
#7 C:\xampp\htdocs\wordpress\wp-includes\class-wp-hook.php(341): wp_ajax_add_tag('')
#8 C:\xampp\htdocs\wordpress\wp-includes\class-wp-hook.php(365): WP_Hook->apply_filters('', Array)
#9 C:\xampp\htdocs\wordpress\wp-includes\plugin.php(522): WP_Hook->do_action(Array)
#10 C:\xampp\htdocs\wordpress\wp-admin\admin-ajax.php(192): do_action('wp_ajax_add-tag')
#11 {main}
2026-04-29T07:55:58+00:00 NOTICE There was an error trying to get product set data in a catalog: Cannot create the API instance because the access token is missing.
2026-04-29T07:55:58+00:00 ERROR ProductSetSync exception: exception_code : 0; exception_class : WooCommerce\Facebook\Framework\Api\Exception: exception_message : Cannot create the API instance because the access token is missing.; exception_trace : #0 C:\xampp\htdocs\wordpress\wp-content\plugins\facebook-for-woocommerce\includes\ProductSets\ProductSetSync.php(139): WC_Facebookcommerce->get_api()
#1 C:\xampp\htdocs\wordpress\wp-content\plugins\facebook-for-woocommerce\includes\ProductSets\ProductSetSync.php(65): WooCommerce\Facebook\ProductSets\ProductSetSync->get_fb_product_set_id(Object(WP_Term))
#2 C:\xampp\htdocs\wordpress\wp-includes\class-wp-hook.php(341): WooCommerce\Facebook\ProductSets\ProductSetSync->on_create_or_update_product_wc_category_callback(25, 25, Array)
#3 C:\xampp\htdocs\wordpress\wp-includes\class-wp-hook.php(365): WP_Hook->apply_filters('', Array)
#4 C:\xampp\htdocs\wordpress\wp-includes\plugin.php(522): WP_Hook->do_action(Array)
#5 C:\xampp\htdocs\wordpress\wp-includes\taxonomy.php(2697): do_action('create_product_...', 25, 25, Array)
#6 C:\xampp\htdocs\wordpress\wp-admin\includes\ajax-actions.php(1103): wp_insert_term('G\xC3\xADa t\xE1\xBB\xAB 3-6 t...', 'product_cat', Array)
#7 C:\xampp\htdocs\wordpress\wp-includes\class-wp-hook.php(341): wp_ajax_add_tag('')
#8 C:\xampp\htdocs\wordpress\wp-includes\class-wp-hook.php(365): WP_Hook->apply_filters('', Array)
#9 C:\xampp\htdocs\wordpress\wp-includes\plugin.php(522): WP_Hook->do_action(Array)
#10 C:\xampp\htdocs\wordpress\wp-admin\admin-ajax.php(192): do_action('wp_ajax_add-tag')
#11 {main}
2026-04-29T07:56:51+00:00 NOTICE There was an error trying to get product set data in a catalog: Cannot create the API instance because the access token is missing.
2026-04-29T07:56:51+00:00 ERROR ProductSetSync exception: exception_code : 0; exception_class : WooCommerce\Facebook\Framework\Api\Exception: exception_message : Cannot create the API instance because the access token is missing.; exception_trace : #0 C:\xampp\htdocs\wordpress\wp-content\plugins\facebook-for-woocommerce\includes\ProductSets\ProductSetSync.php(139): WC_Facebookcommerce->get_api()
#1 C:\xampp\htdocs\wordpress\wp-content\plugins\facebook-for-woocommerce\includes\ProductSets\ProductSetSync.php(65): WooCommerce\Facebook\ProductSets\ProductSetSync->get_fb_product_set_id(Object(WP_Term))
#2 C:\xampp\htdocs\wordpress\wp-includes\class-wp-hook.php(341): WooCommerce\Facebook\ProductSets\ProductSetSync->on_create_or_update_product_wc_category_callback(26, 26, Array)
#3 C:\xampp\htdocs\wordpress\wp-includes\class-wp-hook.php(365): WP_Hook->apply_filters('', Array)
#4 C:\xampp\htdocs\wordpress\wp-includes\plugin.php(522): WP_Hook->do_action(Array)
#5 C:\xampp\htdocs\wordpress\wp-includes\taxonomy.php(2697): do_action('create_product_...', 26, 26, Array)
#6 C:\xampp\htdocs\wordpress\wp-admin\includes\ajax-actions.php(1103): wp_insert_term('G\xC3\xADa t\xE1\xBB\xAB 6-9 t...', 'product_cat', Array)
#7 C:\xampp\htdocs\wordpress\wp-includes\class-wp-hook.php(341): wp_ajax_add_tag('')
#8 C:\xampp\htdocs\wordpress\wp-includes\class-wp-hook.php(365): WP_Hook->apply_filters('', Array)
#9 C:\xampp\htdocs\wordpress\wp-includes\plugin.php(522): WP_Hook->do_action(Array)
#10 C:\xampp\htdocs\wordpress\wp-admin\admin-ajax.php(192): do_action('wp_ajax_add-tag')
#11 {main}
2026-04-29T07:57:57+00:00 NOTICE There was an error trying to get product set data in a catalog: Cannot create the API instance because the access token is missing.
2026-04-29T07:57:57+00:00 ERROR ProductSetSync exception: exception_code : 0; exception_class : WooCommerce\Facebook\Framework\Api\Exception: exception_message : Cannot create the API instance because the access token is missing.; exception_trace : #0 C:\xampp\htdocs\wordpress\wp-content\plugins\facebook-for-woocommerce\includes\ProductSets\ProductSetSync.php(139): WC_Facebookcommerce->get_api()
#1 C:\xampp\htdocs\wordpress\wp-content\plugins\facebook-for-woocommerce\includes\ProductSets\ProductSetSync.php(65): WooCommerce\Facebook\ProductSets\ProductSetSync->get_fb_product_set_id(Object(WP_Term))
#2 C:\xampp\htdocs\wordpress\wp-includes\class-wp-hook.php(341): WooCommerce\Facebook\ProductSets\ProductSetSync->on_create_or_update_product_wc_category_callback(27, 27, Array)
#3 C:\xampp\htdocs\wordpress\wp-includes\class-wp-hook.php(365): WP_Hook->apply_filters('', Array)
#4 C:\xampp\htdocs\wordpress\wp-includes\plugin.php(522): WP_Hook->do_action(Array)
#5 C:\xampp\htdocs\wordpress\wp-includes\taxonomy.php(2697): do_action('create_product_...', 27, 27, Array)
#6 C:\xampp\htdocs\wordpress\wp-admin\includes\ajax-actions.php(1103): wp_insert_term('G\xC3\xADa t\xE1\xBB\xAB 9-15 ...', 'product_cat', Array)
#7 C:\xampp\htdocs\wordpress\wp-includes\class-wp-hook.php(341): wp_ajax_add_tag('')
#8 C:\xampp\htdocs\wordpress\wp-includes\class-wp-hook.php(365): WP_Hook->apply_filters('', Array)
#9 C:\xampp\htdocs\wordpress\wp-includes\plugin.php(522): WP_Hook->do_action(Array)
#10 C:\xampp\htdocs\wordpress\wp-admin\admin-ajax.php(192): do_action('wp_ajax_add-tag')
#11 {main}
2026-04-29T08:01:27+00:00 ERROR Error persisting Meta logs: Cannot create the API instance because the access token is missing. : []
2026-04-29T08:06:30+00:00 ERROR Error persisting Meta logs: Cannot create the API instance because the access token is missing. : []
2026-04-29T08:10:48+00:00 ERROR Error persisting Meta logs: Cannot create the API instance because the access token is missing. : []
2026-04-29T08:15:46+00:00 ERROR Error persisting Meta logs: Cannot create the API instance because the access token is missing. : []
2026-04-29T08:19:32+00:00 ERROR Error persisting Meta logs: Cannot create the API instance because the access token is missing. : []
2026-04-29T08:22:18+00:00 NOTICE There was an error trying sync products using the Catalog Batch API for job 9d9bb39fe788f71e6f1685df0b92a8cf: Cannot create the API instance because the access token is missing.
2026-04-29T08:25:20+00:00 WARNING Product feed scheduling failed: Integration not configured. : {"flow_name":"product_feed","flow_step":"schedule_feed_generation"}
2026-04-29T08:25:20+00:00 WARNING Language override feed scheduling failed: Integration not configured. : {"flow_name":"language_override_feed","flow_step":"schedule_feed_generation"}
2026-04-29T08:25:20+00:00 ERROR Error persisting Meta logs: Cannot create the API instance because the access token is missing. : []
2026-04-29T08:29:47+00:00 ERROR Error persisting Meta logs: Cannot create the API instance because the access token is missing. : []
2026-04-29T08:34:46+00:00 NOTICE There was an error trying sync products using the Catalog Batch API for job 7c424b773f7d518a9b253f29de5fd156: Cannot create the API instance because the access token is missing.
2026-04-29T08:34:47+00:00 ERROR Error persisting Meta logs: Cannot create the API instance because the access token is missing. : []
2026-04-29T08:40:32+00:00 ERROR Error persisting Meta logs: Cannot create the API instance because the access token is missing. : []
2026-04-29T08:41:28+00:00 NOTICE There was an error trying sync products using the Catalog Batch API for job ab3af5d1cbfcf89ae07c7c6bf43be5ab: Cannot create the API instance because the access token is missing.
2026-04-29T08:44:54+00:00 ERROR Error persisting Meta logs: Cannot create the API instance because the access token is missing. : []
2026-04-29T08:45:27+00:00 NOTICE There was an error trying sync products using the Catalog Batch API for job 918499b7c5bd815fc6e4ec250b66d882: Cannot create the API instance because the access token is missing.
2026-04-29T08:50:05+00:00 ERROR Error persisting Meta logs: Cannot create the API instance because the access token is missing. : []
2026-04-29T08:51:37+00:00 NOTICE There was an error trying sync products using the Catalog Batch API for job 5fec2edb2ec1310b96c086290d2f5cf9: Cannot create the API instance because the access token is missing.
