2026-05-04T03:03:32+00:00 WARNING Product feed scheduling failed: Integration not configured. : {"flow_name":"product_feed","flow_step":"schedule_feed_generation"}
2026-05-04T03:03:32+00:00 WARNING Language override feed scheduling failed: Integration not configured. : {"flow_name":"language_override_feed","flow_step":"schedule_feed_generation"}
2026-05-04T03:03:32+00:00 ERROR Error persisting error logs: Cannot create the API instance because the access token is missing. : []
2026-05-04T03:04:54+00:00 ERROR Error persisting Meta logs: Cannot create the API instance because the access token is missing. : []
2026-05-04T03:09:04+00:00 ERROR Error persisting Meta logs: Cannot create the API instance because the access token is missing. : []
2026-05-04T04:13:14+00:00 WARNING Product feed scheduling failed: Integration not configured. : {"flow_name":"product_feed","flow_step":"schedule_feed_generation"}
2026-05-04T04:13:14+00:00 WARNING Language override feed scheduling failed: Integration not configured. : {"flow_name":"language_override_feed","flow_step":"schedule_feed_generation"}
2026-05-04T04:15:57+00:00 ERROR Error persisting Meta logs: Cannot create the API instance because the access token is missing. : []
2026-05-04T04:15:57+00:00 ERROR Error persisting Meta logs: Cannot create the API instance because the access token is missing. : []
2026-05-04T04:19:45+00:00 ERROR Error persisting Meta logs: Cannot create the API instance because the access token is missing. : []
2026-05-04T04:22:41+00:00 NOTICE There was an error trying to get product set data in a catalog: Cannot create the API instance because the access token is missing.
2026-05-04T04:22:41+00:00 ERROR ProductSetSync exception: exception_code : 0; exception_class : WooCommerce\Facebook\Framework\Api\Exception: exception_message : Cannot create the API instance because the access token is missing.; exception_trace : #0 C:\xampp\htdocs\wordpress\wp-content\plugins\facebook-for-woocommerce\includes\ProductSets\ProductSetSync.php(139): WC_Facebookcommerce->get_api()
#1 C:\xampp\htdocs\wordpress\wp-content\plugins\facebook-for-woocommerce\includes\ProductSets\ProductSetSync.php(65): WooCommerce\Facebook\ProductSets\ProductSetSync->get_fb_product_set_id(Object(WP_Term))
#2 C:\xampp\htdocs\wordpress\wp-includes\class-wp-hook.php(341): WooCommerce\Facebook\ProductSets\ProductSetSync->on_create_or_update_product_wc_category_callback(36, 36, Array)
#3 C:\xampp\htdocs\wordpress\wp-includes\class-wp-hook.php(365): WP_Hook->apply_filters(NULL, Array)
#4 C:\xampp\htdocs\wordpress\wp-includes\plugin.php(522): WP_Hook->do_action(Array)
#5 C:\xampp\htdocs\wordpress\wp-includes\taxonomy.php(2697): do_action('create_product_...', 36, 36, Array)
#6 C:\xampp\htdocs\wordpress\wp-admin\includes\ajax-actions.php(623): wp_insert_term('Seiko', 'product_cat', Array)
#7 C:\xampp\htdocs\wordpress\wp-includes\class-wp-hook.php(341): _wp_ajax_add_hierarchical_term('')
#8 C:\xampp\htdocs\wordpress\wp-includes\class-wp-hook.php(365): WP_Hook->apply_filters('', Array)
#9 C:\xampp\htdocs\wordpress\wp-includes\plugin.php(522): WP_Hook->do_action(Array)
#10 C:\xampp\htdocs\wordpress\wp-admin\admin-ajax.php(192): do_action('wp_ajax_add-pro...')
#11 {main}
2026-05-04T04:24:17+00:00 ERROR Error persisting Meta logs: Cannot create the API instance because the access token is missing. : []
2026-05-04T04:24:17+00:00 ERROR Error persisting Meta logs: Cannot create the API instance because the access token is missing. : []
2026-05-04T04:29:40+00:00 ERROR Error persisting Meta logs: Cannot create the API instance because the access token is missing. : []
2026-05-04T04:34:55+00:00 ERROR Error persisting Meta logs: Cannot create the API instance because the access token is missing. : []
2026-05-04T04:39:08+00:00 ERROR Error persisting Meta logs: Cannot create the API instance because the access token is missing. : []
2026-05-04T04:44:51+00:00 ERROR Error persisting Meta logs: Cannot create the API instance because the access token is missing. : []
2026-05-04T04:44:57+00:00 NOTICE There was an error trying sync products using the Catalog Batch API for job caada85ba36dffd182a4c0d15ee5102f: Cannot create the API instance because the access token is missing.
2026-05-04T04:46:24+00:00 NOTICE There was an error trying sync products using the Catalog Batch API for job 2f41fb2aa2746f28ec564977b85cccca: Cannot create the API instance because the access token is missing.
2026-05-04T04:50:10+00:00 ERROR Error persisting Meta logs: Cannot create the API instance because the access token is missing. : []
2026-05-04T04:57:29+00:00 ERROR Error persisting Meta logs: Cannot create the API instance because the access token is missing. : []
2026-05-04T06:13:17+00:00 WARNING Product feed scheduling failed: Integration not configured. : {"flow_name":"product_feed","flow_step":"schedule_feed_generation"}
2026-05-04T06:13:17+00:00 WARNING Language override feed scheduling failed: Integration not configured. : {"flow_name":"language_override_feed","flow_step":"schedule_feed_generation"}
2026-05-04T06:13:17+00:00 ERROR Error persisting error logs: Cannot create the API instance because the access token is missing. : []
2026-05-04T06:13:51+00:00 ERROR Error persisting Meta logs: Cannot create the API instance because the access token is missing. : []
2026-05-04T06:14:21+00:00 ERROR Error persisting Meta logs: Cannot create the API instance because the access token is missing. : []
2026-05-04T06:19:59+00:00 ERROR Error persisting Meta logs: Cannot create the API instance because the access token is missing. : []
2026-05-04T06:24:20+00:00 ERROR Error persisting Meta logs: Cannot create the API instance because the access token is missing. : []
2026-05-04T06:29:39+00:00 ERROR Error persisting Meta logs: Cannot create the API instance because the access token is missing. : []
2026-05-04T06:34:08+00:00 ERROR Error persisting Meta logs: Cannot create the API instance because the access token is missing. : []
2026-05-04T06:39:36+00:00 ERROR Error persisting Meta logs: Cannot create the API instance because the access token is missing. : []
2026-05-04T06:44:52+00:00 ERROR Error persisting Meta logs: Cannot create the API instance because the access token is missing. : []
2026-05-04T06:49:52+00:00 ERROR Error persisting Meta logs: Cannot create the API instance because the access token is missing. : []
2026-05-04T06:54:23+00:00 ERROR Error persisting Meta logs: Cannot create the API instance because the access token is missing. : []
2026-05-04T06:59:23+00:00 ERROR Error persisting Meta logs: Cannot create the API instance because the access token is missing. : []
2026-05-04T07:05:25+00:00 ERROR Error persisting Meta logs: Cannot create the API instance because the access token is missing. : []
2026-05-04T07:10:42+00:00 ERROR Error persisting Meta logs: Cannot create the API instance because the access token is missing. : []
2026-05-04T07:14:08+00:00 ERROR Error persisting Meta logs: Cannot create the API instance because the access token is missing. : []
2026-05-04T07:20:29+00:00 ERROR Error persisting Meta logs: Cannot create the API instance because the access token is missing. : []
2026-05-04T07:25:06+00:00 WARNING Product feed scheduling failed: Integration not configured. : {"flow_name":"product_feed","flow_step":"schedule_feed_generation"}
2026-05-04T07:25:06+00:00 WARNING Language override feed scheduling failed: Integration not configured. : {"flow_name":"language_override_feed","flow_step":"schedule_feed_generation"}
2026-05-04T07:25:06+00:00 ERROR Error persisting Meta logs: Cannot create the API instance because the access token is missing. : []
2026-05-04T07:31:34+00:00 ERROR Error persisting Meta logs: Cannot create the API instance because the access token is missing. : []
2026-05-04T07:45:30+00:00 ERROR Error persisting Meta logs: Cannot create the API instance because the access token is missing. : []
2026-05-04T07:49:11+00:00 ERROR Error persisting Meta logs: Cannot create the API instance because the access token is missing. : []
2026-05-04T07:56:14+00:00 ERROR Error persisting Meta logs: Cannot create the API instance because the access token is missing. : []
2026-05-04T08:02:31+00:00 ERROR Error persisting Meta logs: Cannot create the API instance because the access token is missing. : []
2026-05-04T08:15:04+00:00 ERROR Error persisting Meta logs: Cannot create the API instance because the access token is missing. : []
2026-05-04T08:20:45+00:00 ERROR Error persisting Meta logs: Cannot create the API instance because the access token is missing. : []
2026-05-04T08:25:46+00:00 WARNING Product feed scheduling failed: Integration not configured. : {"flow_name":"product_feed","flow_step":"schedule_feed_generation"}
2026-05-04T08:25:46+00:00 WARNING Language override feed scheduling failed: Integration not configured. : {"flow_name":"language_override_feed","flow_step":"schedule_feed_generation"}
2026-05-04T08:25:46+00:00 ERROR Error persisting Meta logs: Cannot create the API instance because the access token is missing. : []
2026-05-04T08:30:10+00:00 ERROR Error persisting Meta logs: Cannot create the API instance because the access token is missing. : []
2026-05-04T08:34:32+00:00 ERROR Error persisting Meta logs: Cannot create the API instance because the access token is missing. : []
2026-05-04T08:40:55+00:00 ERROR Error persisting Meta logs: Cannot create the API instance because the access token is missing. : []
2026-05-04T08:45:46+00:00 ERROR Error persisting Meta logs: Cannot create the API instance because the access token is missing. : []
2026-05-04T08:53:39+00:00 ERROR Error persisting Meta logs: Cannot create the API instance because the access token is missing. : []
2026-05-04T08:54:53+00:00 ERROR Error persisting Meta logs: Cannot create the API instance because the access token is missing. : []
2026-05-04T08:59:33+00:00 ERROR Error persisting Meta logs: Cannot create the API instance because the access token is missing. : []
2026-05-04T09:04:13+00:00 ERROR Error persisting Meta logs: Cannot create the API instance because the access token is missing. : []
2026-05-04T09:09:54+00:00 ERROR Error persisting Meta logs: Cannot create the API instance because the access token is missing. : []
2026-05-04T09:14:24+00:00 ERROR Error persisting Meta logs: Cannot create the API instance because the access token is missing. : []
2026-05-04T09:19:56+00:00 ERROR Error persisting Meta logs: Cannot create the API instance because the access token is missing. : []
2026-05-04T09:24:47+00:00 ERROR Error persisting error logs: Cannot create the API instance because the access token is missing. : []
2026-05-04T09:24:47+00:00 ERROR Error persisting Meta logs: Cannot create the API instance because the access token is missing. : []
2026-05-04T09:29:53+00:00 ERROR Error persisting Meta logs: Cannot create the API instance because the access token is missing. : []
2026-05-04T09:34:56+00:00 ERROR Error persisting Meta logs: Cannot create the API instance because the access token is missing. : []
2026-05-04T09:40:56+00:00 ERROR Error persisting Meta logs: Cannot create the API instance because the access token is missing. : []
2026-05-04T09:44:56+00:00 ERROR Error persisting Meta logs: Cannot create the API instance because the access token is missing. : []
2026-05-04T09:50:24+00:00 ERROR Error persisting Meta logs: Cannot create the API instance because the access token is missing. : []
2026-05-04T09:55:44+00:00 ERROR Error persisting Meta logs: Cannot create the API instance because the access token is missing. : []
2026-05-04T10:01:06+00:00 ERROR Error persisting Meta logs: Cannot create the API instance because the access token is missing. : []
2026-05-04T10:06:14+00:00 ERROR Error persisting Meta logs: Cannot create the API instance because the access token is missing. : []
2026-05-04T10:10:44+00:00 ERROR Error persisting Meta logs: Cannot create the API instance because the access token is missing. : []
2026-05-04T10:14:51+00:00 ERROR Error persisting Meta logs: Cannot create the API instance because the access token is missing. : []
2026-05-04T10:19:28+00:00 ERROR Error persisting Meta logs: Cannot create the API instance because the access token is missing. : []
2026-05-04T10:24:08+00:00 WARNING Product feed scheduling failed: Integration not configured. : {"flow_name":"product_feed","flow_step":"schedule_feed_generation"}
2026-05-04T10:24:08+00:00 WARNING Language override feed scheduling failed: Integration not configured. : {"flow_name":"language_override_feed","flow_step":"schedule_feed_generation"}
2026-05-04T10:24:08+00:00 ERROR Error persisting Meta logs: Cannot create the API instance because the access token is missing. : []
2026-05-04T10:29:38+00:00 ERROR Error persisting Meta logs: Cannot create the API instance because the access token is missing. : []
2026-05-04T10:34:47+00:00 ERROR Error persisting Meta logs: Cannot create the API instance because the access token is missing. : []
2026-05-04T10:40:19+00:00 ERROR Error persisting Meta logs: Cannot create the API instance because the access token is missing. : []
2026-05-04T10:45:25+00:00 ERROR Error persisting Meta logs: Cannot create the API instance because the access token is missing. : []
2026-05-04T10:50:00+00:00 ERROR Error persisting Meta logs: Cannot create the API instance because the access token is missing. : []
2026-05-04T10:54:23+00:00 ERROR Error persisting Meta logs: Cannot create the API instance because the access token is missing. : []
2026-05-04T10:59:55+00:00 ERROR Error persisting Meta logs: Cannot create the API instance because the access token is missing. : []
2026-05-04T11:04:47+00:00 ERROR Error persisting Meta logs: Cannot create the API instance because the access token is missing. : []
2026-05-04T11:09:55+00:00 ERROR Error persisting Meta logs: Cannot create the API instance because the access token is missing. : []
2026-05-04T11:14:52+00:00 ERROR Error persisting Meta logs: Cannot create the API instance because the access token is missing. : []
2026-05-04T11:19:44+00:00 ERROR Error persisting Meta logs: Cannot create the API instance because the access token is missing. : []
2026-05-04T11:34:49+00:00 WARNING Product feed scheduling failed: Integration not configured. : {"flow_name":"product_feed","flow_step":"schedule_feed_generation"}
2026-05-04T11:34:49+00:00 WARNING Language override feed scheduling failed: Integration not configured. : {"flow_name":"language_override_feed","flow_step":"schedule_feed_generation"}
2026-05-04T11:34:49+00:00 ERROR Error persisting Meta logs: Cannot create the API instance because the access token is missing. : []
2026-05-04T11:40:12+00:00 ERROR Error persisting Meta logs: Cannot create the API instance because the access token is missing. : []
2026-05-04T11:44:53+00:00 ERROR Error persisting Meta logs: Cannot create the API instance because the access token is missing. : []
2026-05-04T11:49:16+00:00 ERROR Error persisting Meta logs: Cannot create the API instance because the access token is missing. : []
2026-05-04T11:54:53+00:00 ERROR Error persisting Meta logs: Cannot create the API instance because the access token is missing. : []
2026-05-04T11:55:20+00:00 NOTICE There was an error trying sync products using the Catalog Batch API for job e75a939fad39ca6b246f7f2738404c14: Cannot create the API instance because the access token is missing.
2026-05-04T11:59:37+00:00 ERROR Error persisting Meta logs: Cannot create the API instance because the access token is missing. : []
2026-05-04T12:04:53+00:00 ERROR Error persisting Meta logs: Cannot create the API instance because the access token is missing. : []
2026-05-04T12:09:28+00:00 ERROR Error persisting Meta logs: Cannot create the API instance because the access token is missing. : []
2026-05-04T12:12:49+00:00 NOTICE There was an error trying sync products using the Catalog Batch API for job d3813ae8e20c0770d7bccd067bc1c1bc: Cannot create the API instance because the access token is missing.
2026-05-04T12:13:07+00:00 NOTICE There was an error trying sync products using the Catalog Batch API for job 67158d3a07980194fd32313791658d8a: Cannot create the API instance because the access token is missing.
2026-05-04T12:14:45+00:00 ERROR Error persisting Meta logs: Cannot create the API instance because the access token is missing. : []
2026-05-04T12:21:34+00:00 ERROR Error persisting Meta logs: Cannot create the API instance because the access token is missing. : []
2026-05-04T12:25:34+00:00 ERROR Error persisting error logs: Cannot create the API instance because the access token is missing. : []
2026-05-04T12:25:34+00:00 ERROR Error persisting Meta logs: Cannot create the API instance because the access token is missing. : []
2026-05-04T12:30:34+00:00 ERROR Error persisting Meta logs: Cannot create the API instance because the access token is missing. : []
2026-05-04T12:34:45+00:00 ERROR Error persisting Meta logs: Cannot create the API instance because the access token is missing. : []
2026-05-04T12:39:57+00:00 ERROR Error persisting Meta logs: Cannot create the API instance because the access token is missing. : []
2026-05-04T12:44:22+00:00 ERROR Error persisting Meta logs: Cannot create the API instance because the access token is missing. : []
2026-05-04T12:52:12+00:00 ERROR Error persisting Meta logs: Cannot create the API instance because the access token is missing. : []
2026-05-04T12:56:14+00:00 ERROR Error persisting Meta logs: Cannot create the API instance because the access token is missing. : []
2026-05-04T13:00:47+00:00 ERROR Error persisting Meta logs: Cannot create the API instance because the access token is missing. : []
2026-05-04T13:06:50+00:00 ERROR Error persisting Meta logs: Cannot create the API instance because the access token is missing. : []
2026-05-04T13:10:52+00:00 ERROR Error persisting Meta logs: Cannot create the API instance because the access token is missing. : []
2026-05-04T13:16:55+00:00 ERROR Error persisting Meta logs: Cannot create the API instance because the access token is missing. : []
2026-05-04T13:20:57+00:00 ERROR Error persisting Meta logs: Cannot create the API instance because the access token is missing. : []
2026-05-04T13:27:01+00:00 WARNING Product feed scheduling failed: Integration not configured. : {"flow_name":"product_feed","flow_step":"schedule_feed_generation"}
2026-05-04T13:27:01+00:00 WARNING Language override feed scheduling failed: Integration not configured. : {"flow_name":"language_override_feed","flow_step":"schedule_feed_generation"}
2026-05-04T13:27:01+00:00 ERROR Error persisting Meta logs: Cannot create the API instance because the access token is missing. : []
2026-05-04T13:31:03+00:00 ERROR Error persisting Meta logs: Cannot create the API instance because the access token is missing. : []
2026-05-04T13:37:06+00:00 ERROR Error persisting Meta logs: Cannot create the API instance because the access token is missing. : []
2026-05-04T13:41:08+00:00 ERROR Error persisting Meta logs: Cannot create the API instance because the access token is missing. : []
2026-05-04T13:45:56+00:00 ERROR Error persisting Meta logs: Cannot create the API instance because the access token is missing. : []
2026-05-04T13:52:00+00:00 ERROR Error persisting Meta logs: Cannot create the API instance because the access token is missing. : []
2026-05-04T13:56:02+00:00 ERROR Error persisting Meta logs: Cannot create the API instance because the access token is missing. : []
2026-05-04T14:02:09+00:00 ERROR Error persisting Meta logs: Cannot create the API instance because the access token is missing. : []
2026-05-04T14:06:11+00:00 ERROR Error persisting Meta logs: Cannot create the API instance because the access token is missing. : []
2026-05-04T14:12:12+00:00 ERROR Error persisting Meta logs: Cannot create the API instance because the access token is missing. : []
2026-05-04T14:16:22+00:00 ERROR Error persisting Meta logs: Cannot create the API instance because the access token is missing. : []
2026-05-04T14:40:37+00:00 ERROR Error persisting Meta logs: Cannot create the API instance because the access token is missing. : []
2026-05-04T14:40:37+00:00 WARNING Product feed scheduling failed: Integration not configured. : {"flow_name":"product_feed","flow_step":"schedule_feed_generation"}
2026-05-04T14:40:37+00:00 WARNING Language override feed scheduling failed: Integration not configured. : {"flow_name":"language_override_feed","flow_step":"schedule_feed_generation"}
2026-05-04T14:40:38+00:00 ERROR Error persisting Meta logs: Cannot create the API instance because the access token is missing. : []
2026-05-04T14:46:50+00:00 ERROR Error persisting Meta logs: Cannot create the API instance because the access token is missing. : []
2026-05-04T14:50:50+00:00 ERROR Error persisting Meta logs: Cannot create the API instance because the access token is missing. : []
2026-05-04T15:00:57+00:00 ERROR Error persisting Meta logs: Cannot create the API instance because the access token is missing. : []
2026-05-04T15:00:57+00:00 ERROR Error persisting Meta logs: Cannot create the API instance because the access token is missing. : []
2026-05-04T15:06:16+00:00 ERROR Error persisting Meta logs: Cannot create the API instance because the access token is missing. : []
2026-05-04T15:11:01+00:00 ERROR Error persisting Meta logs: Cannot create the API instance because the access token is missing. : []
2026-05-04T15:15:01+00:00 ERROR Error persisting Meta logs: Cannot create the API instance because the access token is missing. : []
2026-05-04T15:19:05+00:00 ERROR Error persisting Meta logs: Cannot create the API instance because the access token is missing. : []
2026-05-04T15:24:48+00:00 ERROR Error persisting Meta logs: Cannot create the API instance because the access token is missing. : []
2026-05-04T15:31:04+00:00 ERROR Error persisting Meta logs: Cannot create the API instance because the access token is missing. : []
2026-05-04T15:34:45+00:00 ERROR Error persisting Meta logs: Cannot create the API instance because the access token is missing. : []
2026-05-04T15:39:08+00:00 ERROR Error persisting Meta logs: Cannot create the API instance because the access token is missing. : []
2026-05-04T15:45:02+00:00 ERROR Error persisting Meta logs: Cannot create the API instance because the access token is missing. : []
2026-05-04T15:50:07+00:00 ERROR Error persisting Meta logs: Cannot create the API instance because the access token is missing. : []
2026-05-04T15:55:53+00:00 ERROR Error persisting Meta logs: Cannot create the API instance because the access token is missing. : []
2026-05-04T15:59:31+00:00 ERROR Error persisting Meta logs: Cannot create the API instance because the access token is missing. : []
2026-05-04T16:04:48+00:00 ERROR Error persisting Meta logs: Cannot create the API instance because the access token is missing. : []
2026-05-04T16:09:59+00:00 ERROR Error persisting Meta logs: Cannot create the API instance because the access token is missing. : []
2026-05-04T16:14:47+00:00 ERROR Error persisting Meta logs: Cannot create the API instance because the access token is missing. : []
2026-05-04T16:19:44+00:00 ERROR Error persisting Meta logs: Cannot create the API instance because the access token is missing. : []
2026-05-04T16:26:15+00:00 WARNING Product feed scheduling failed: Integration not configured. : {"flow_name":"product_feed","flow_step":"schedule_feed_generation"}
2026-05-04T16:26:15+00:00 WARNING Language override feed scheduling failed: Integration not configured. : {"flow_name":"language_override_feed","flow_step":"schedule_feed_generation"}
2026-05-04T16:26:15+00:00 ERROR Error persisting error logs: Cannot create the API instance because the access token is missing. : []
2026-05-04T16:26:15+00:00 ERROR Error persisting Meta logs: Cannot create the API instance because the access token is missing. : []
2026-05-04T16:30:45+00:00 ERROR Error persisting Meta logs: Cannot create the API instance because the access token is missing. : []
2026-05-04T16:35:02+00:00 ERROR Error persisting Meta logs: Cannot create the API instance because the access token is missing. : []
2026-05-04T16:39:40+00:00 ERROR Error persisting Meta logs: Cannot create the API instance because the access token is missing. : []
2026-05-04T16:46:05+00:00 ERROR Error persisting Meta logs: Cannot create the API instance because the access token is missing. : []
2026-05-04T16:49:56+00:00 ERROR Error persisting Meta logs: Cannot create the API instance because the access token is missing. : []
2026-05-04T16:54:46+00:00 ERROR Error persisting Meta logs: Cannot create the API instance because the access token is missing. : []
2026-05-04T16:59:37+00:00 ERROR Error persisting Meta logs: Cannot create the API instance because the access token is missing. : []
2026-05-04T17:06:58+00:00 ERROR Error persisting Meta logs: Cannot create the API instance because the access token is missing. : []
